<?xml version="1.0" encoding="UTF-8"?>
<!-- Generated by org.testng.reporters.JUnitReportReporter -->
<testsuite hostname="Oliver-Brays-iMac.local" name="com.qmetric.tests.LandingPageTest" tests="3" failures="0" timestamp="14 Aug 2012 10:45:07 GMT" time="0.315" errors="0">
  <testcase name="testPageTitle" time="0.111" classname="com.qmetric.tests.LandingPageTest"/>
  <testcase name="testPageTitle" time="0.126" classname="com.qmetric.tests.LandingPageTest"/>
  <testcase name="testPageTitle" time="0.078" classname="com.qmetric.tests.LandingPageTest"/>
</testsuite>
