<?xml version="1.0" encoding="UTF-8"?>
<!-- Generated by org.testng.reporters.JUnitReportReporter -->
<testsuite hostname="Oliver-Brays-iMac.local" name="com.qmetric.tests.PageOneUITest" tests="10" failures="0" timestamp="14 Aug 2012 13:16:30 GMT" time="17.498" errors="0">
  <testcase name="testPageTitle" time="0.056" classname="com.qmetric.tests.PageOneUITest"/>
  <testcase name="testAddressSearchValidationText" time="0.588" classname="com.qmetric.tests.PageOneUITest"/>
  <testcase name="testAddressSearchValidationText" time="0.254" classname="com.qmetric.tests.PageOneUITest"/>
  <testcase name="testAddressManualEdit" time="2.460" classname="com.qmetric.tests.PageOneUITest"/>
  <testcase name="testAddressManualEdit" time="2.928" classname="com.qmetric.tests.PageOneUITest"/>
  <testcase name="testAddressSearch" time="0.932" classname="com.qmetric.tests.PageOneUITest"/>
  <testcase name="testPropertyTypeDropDowns" time="3.096" classname="com.qmetric.tests.PageOneUITest"/>
  <testcase name="testPageTitle" time="0.472" classname="com.qmetric.tests.PageOneUITest"/>
  <testcase name="testAddressSearch" time="2.354" classname="com.qmetric.tests.PageOneUITest"/>
  <testcase name="testPropertyTypeDropDowns" time="4.358" classname="com.qmetric.tests.PageOneUITest"/>
</testsuite>
