<?xml version="1.0" encoding="UTF-8"?>
<!-- Generated by org.testng.reporters.JUnitReportReporter -->
<testsuite hostname="Oliver-Brays-iMac.local" name="com.qmetric.tests.LandingPageTest" tests="2" failures="0" timestamp="14 Aug 2012 13:16:30 GMT" time="0.122" errors="0">
  <testcase name="testPageTitle" time="0.064" classname="com.qmetric.tests.LandingPageTest"/>
  <testcase name="testPageTitle" time="0.058" classname="com.qmetric.tests.LandingPageTest"/>
</testsuite>
