<?xml version="1.0" encoding="UTF-8" ?>
<testsuite failures="4" time="0.784" errors="0" skipped="28" tests="32" name="TestSuite">
  <properties>
    <property name="java.runtime.name" value="Java(TM) SE Runtime Environment"/>
    <property name="sun.boot.library.path" value="/System/Library/Java/JavaVirtualMachines/1.6.0.jdk/Contents/Libraries"/>
    <property name="java.vm.version" value="20.8-b03-424"/>
    <property name="awt.nativeDoubleBuffering" value="true"/>
    <property name="gopherProxySet" value="false"/>
    <property name="mrj.build" value="10M3720"/>
    <property name="java.vm.vendor" value="Apple Inc."/>
    <property name="java.vendor.url" value="http://www.apple.com/"/>
    <property name="path.separator" value=":"/>
    <property name="java.vm.name" value="Java HotSpot(TM) 64-Bit Server VM"/>
    <property name="file.encoding.pkg" value="sun.io"/>
    <property name="user.country" value="US"/>
    <property name="sun.java.launcher" value="SUN_STANDARD"/>
    <property name="sun.os.patch.level" value="unknown"/>
    <property name="java.vm.specification.name" value="Java Virtual Machine Specification"/>
    <property name="user.dir" value="/Users/oliverbray/projects/olly-selenium/functional-tests"/>
    <property name="java.runtime.version" value="1.6.0_33-b03-424-10M3720"/>
    <property name="java.awt.graphicsenv" value="apple.awt.CGraphicsEnvironment"/>
    <property name="basedir" value="/Users/oliverbray/projects/olly-selenium/functional-tests"/>
    <property name="java.endorsed.dirs" value="/System/Library/Java/JavaVirtualMachines/1.6.0.jdk/Contents/Home/lib/endorsed"/>
    <property name="os.arch" value="x86_64"/>
    <property name="surefire.real.class.path" value="/Users/oliverbray/projects/olly-selenium/functional-tests/target/surefire/surefirebooter7129094597465853817.jar"/>
    <property name="java.io.tmpdir" value="/var/folders/Mm/MmjKzmNOFjaFVTh3xrLuuk+++TI/-Tmp-/"/>
    <property name="line.separator" value="
"/>
    <property name="java.vm.specification.vendor" value="Sun Microsystems Inc."/>
    <property name="os.name" value="Mac OS X"/>
    <property name="sun.jnu.encoding" value="MacRoman"/>
    <property name="java.library.path" value=".:/Library/Java/Extensions:/System/Library/Java/Extensions:/usr/lib/java"/>
    <property name="surefire.test.class.path" value="/Users/oliverbray/projects/olly-selenium/functional-tests/target/test-classes:/Users/oliverbray/projects/olly-selenium/functional-tests/target/classes:/Users/oliverbray/.m2/repository/org/seleniumhq/selenium/selenium-java/2.24.1/selenium-java-2.24.1.jar:/Users/oliverbray/.m2/repository/org/seleniumhq/selenium/selenium-android-driver/2.24.1/selenium-android-driver-2.24.1.jar:/Users/oliverbray/.m2/repository/org/seleniumhq/selenium/selenium-htmlunit-driver/2.24.1/selenium-htmlunit-driver-2.24.1.jar:/Users/oliverbray/.m2/repository/org/seleniumhq/selenium/selenium-api/2.24.1/selenium-api-2.24.1.jar:/Users/oliverbray/.m2/repository/com/google/guava/guava/12.0/guava-12.0.jar:/Users/oliverbray/.m2/repository/com/google/code/findbugs/jsr305/1.3.9/jsr305-1.3.9.jar:/Users/oliverbray/.m2/repository/net/sourceforge/htmlunit/htmlunit/2.9/htmlunit-2.9.jar:/Users/oliverbray/.m2/repository/xalan/xalan/2.7.1/xalan-2.7.1.jar:/Users/oliverbray/.m2/repository/xalan/serializer/2.7.1/serializer-2.7.1.jar:/Users/oliverbray/.m2/repository/commons-collections/commons-collections/3.2.1/commons-collections-3.2.1.jar:/Users/oliverbray/.m2/repository/commons-lang/commons-lang/2.6/commons-lang-2.6.jar:/Users/oliverbray/.m2/repository/org/apache/httpcomponents/httpmime/4.1.2/httpmime-4.1.2.jar:/Users/oliverbray/.m2/repository/commons-codec/commons-codec/1.4/commons-codec-1.4.jar:/Users/oliverbray/.m2/repository/net/sourceforge/htmlunit/htmlunit-core-js/2.9/htmlunit-core-js-2.9.jar:/Users/oliverbray/.m2/repository/xerces/xercesImpl/2.9.1/xercesImpl-2.9.1.jar:/Users/oliverbray/.m2/repository/xml-apis/xml-apis/1.3.04/xml-apis-1.3.04.jar:/Users/oliverbray/.m2/repository/net/sourceforge/nekohtml/nekohtml/1.9.15/nekohtml-1.9.15.jar:/Users/oliverbray/.m2/repository/net/sourceforge/cssparser/cssparser/0.9.5/cssparser-0.9.5.jar:/Users/oliverbray/.m2/repository/org/w3c/css/sac/1.3/sac-1.3.jar:/Users/oliverbray/.m2/repository/commons-logging/commons-logging/1.1.1/commons-logging-1.1.1.jar:/Users/oliverbray/.m2/repository/org/apache/httpcomponents/httpclient/4.1.2/httpclient-4.1.2.jar:/Users/oliverbray/.m2/repository/org/apache/httpcomponents/httpcore/4.1.2/httpcore-4.1.2.jar:/Users/oliverbray/.m2/repository/org/seleniumhq/selenium/selenium-firefox-driver/2.24.1/selenium-firefox-driver-2.24.1.jar:/Users/oliverbray/.m2/repository/commons-io/commons-io/2.0.1/commons-io-2.0.1.jar:/Users/oliverbray/.m2/repository/org/apache/commons/commons-exec/1.1/commons-exec-1.1.jar:/Users/oliverbray/.m2/repository/org/seleniumhq/selenium/selenium-ie-driver/2.24.1/selenium-ie-driver-2.24.1.jar:/Users/oliverbray/.m2/repository/net/java/dev/jna/jna/3.4.0/jna-3.4.0.jar:/Users/oliverbray/.m2/repository/net/java/dev/jna/platform/3.4.0/platform-3.4.0.jar:/Users/oliverbray/.m2/repository/org/seleniumhq/selenium/selenium-iphone-driver/2.24.1/selenium-iphone-driver-2.24.1.jar:/Users/oliverbray/.m2/repository/org/seleniumhq/selenium/selenium-safari-driver/2.24.1/selenium-safari-driver-2.24.1.jar:/Users/oliverbray/.m2/repository/org/seleniumhq/selenium/selenium-support/2.24.1/selenium-support-2.24.1.jar:/Users/oliverbray/.m2/repository/org/webbitserver/webbit/0.4.6/webbit-0.4.6.jar:/Users/oliverbray/.m2/repository/org/jboss/netty/netty/3.2.7.Final/netty-3.2.7.Final.jar:/Users/oliverbray/.m2/repository/org/seleniumhq/selenium/selenium-chrome-driver/2.5.0/selenium-chrome-driver-2.5.0.jar:/Users/oliverbray/.m2/repository/org/seleniumhq/selenium/selenium-remote-driver/2.5.0/selenium-remote-driver-2.5.0.jar:/Users/oliverbray/.m2/repository/cglib/cglib-nodep/2.1_3/cglib-nodep-2.1_3.jar:/Users/oliverbray/.m2/repository/org/json/json/20080701/json-20080701.jar:/Users/oliverbray/.m2/repository/org/testng/testng/6.0.1/testng-6.0.1.jar:/Users/oliverbray/.m2/repository/junit/junit/3.8.1/junit-3.8.1.jar:/Users/oliverbray/.m2/repository/org/beanshell/bsh/2.0b4/bsh-2.0b4.jar:/Users/oliverbray/.m2/repository/com/beust/jcommander/1.12/jcommander-1.12.jar:/Users/oliverbray/.m2/repository/org/yaml/snakeyaml/1.6/snakeyaml-1.6.jar:/Users/oliverbray/.m2/repository/org/apache/maven/surefire/surefire-testng-utils/2.8/surefire-testng-utils-2.8.jar:"/>
    <property name="java.specification.name" value="Java Platform API Specification"/>
    <property name="java.class.version" value="50.0"/>
    <property name="sun.management.compiler" value="HotSpot 64-Bit Tiered Compilers"/>
    <property name="os.version" value="10.6.8"/>
    <property name="http.nonProxyHosts" value="local|*.local|169.254/16|*.169.254/16"/>
    <property name="user.home" value="/Users/oliverbray"/>
    <property name="user.timezone" value="Europe/London"/>
    <property name="java.awt.printerjob" value="apple.awt.CPrinterJob"/>
    <property name="java.specification.version" value="1.6"/>
    <property name="file.encoding" value="MacRoman"/>
    <property name="user.name" value="oliverbray"/>
    <property name="java.class.path" value="/Users/oliverbray/projects/olly-selenium/functional-tests/target/test-classes:/Users/oliverbray/projects/olly-selenium/functional-tests/target/classes:/Users/oliverbray/.m2/repository/org/seleniumhq/selenium/selenium-java/2.24.1/selenium-java-2.24.1.jar:/Users/oliverbray/.m2/repository/org/seleniumhq/selenium/selenium-android-driver/2.24.1/selenium-android-driver-2.24.1.jar:/Users/oliverbray/.m2/repository/org/seleniumhq/selenium/selenium-htmlunit-driver/2.24.1/selenium-htmlunit-driver-2.24.1.jar:/Users/oliverbray/.m2/repository/org/seleniumhq/selenium/selenium-api/2.24.1/selenium-api-2.24.1.jar:/Users/oliverbray/.m2/repository/com/google/guava/guava/12.0/guava-12.0.jar:/Users/oliverbray/.m2/repository/com/google/code/findbugs/jsr305/1.3.9/jsr305-1.3.9.jar:/Users/oliverbray/.m2/repository/net/sourceforge/htmlunit/htmlunit/2.9/htmlunit-2.9.jar:/Users/oliverbray/.m2/repository/xalan/xalan/2.7.1/xalan-2.7.1.jar:/Users/oliverbray/.m2/repository/xalan/serializer/2.7.1/serializer-2.7.1.jar:/Users/oliverbray/.m2/repository/commons-collections/commons-collections/3.2.1/commons-collections-3.2.1.jar:/Users/oliverbray/.m2/repository/commons-lang/commons-lang/2.6/commons-lang-2.6.jar:/Users/oliverbray/.m2/repository/org/apache/httpcomponents/httpmime/4.1.2/httpmime-4.1.2.jar:/Users/oliverbray/.m2/repository/commons-codec/commons-codec/1.4/commons-codec-1.4.jar:/Users/oliverbray/.m2/repository/net/sourceforge/htmlunit/htmlunit-core-js/2.9/htmlunit-core-js-2.9.jar:/Users/oliverbray/.m2/repository/xerces/xercesImpl/2.9.1/xercesImpl-2.9.1.jar:/Users/oliverbray/.m2/repository/xml-apis/xml-apis/1.3.04/xml-apis-1.3.04.jar:/Users/oliverbray/.m2/repository/net/sourceforge/nekohtml/nekohtml/1.9.15/nekohtml-1.9.15.jar:/Users/oliverbray/.m2/repository/net/sourceforge/cssparser/cssparser/0.9.5/cssparser-0.9.5.jar:/Users/oliverbray/.m2/repository/org/w3c/css/sac/1.3/sac-1.3.jar:/Users/oliverbray/.m2/repository/commons-logging/commons-logging/1.1.1/commons-logging-1.1.1.jar:/Users/oliverbray/.m2/repository/org/apache/httpcomponents/httpclient/4.1.2/httpclient-4.1.2.jar:/Users/oliverbray/.m2/repository/org/apache/httpcomponents/httpcore/4.1.2/httpcore-4.1.2.jar:/Users/oliverbray/.m2/repository/org/seleniumhq/selenium/selenium-firefox-driver/2.24.1/selenium-firefox-driver-2.24.1.jar:/Users/oliverbray/.m2/repository/commons-io/commons-io/2.0.1/commons-io-2.0.1.jar:/Users/oliverbray/.m2/repository/org/apache/commons/commons-exec/1.1/commons-exec-1.1.jar:/Users/oliverbray/.m2/repository/org/seleniumhq/selenium/selenium-ie-driver/2.24.1/selenium-ie-driver-2.24.1.jar:/Users/oliverbray/.m2/repository/net/java/dev/jna/jna/3.4.0/jna-3.4.0.jar:/Users/oliverbray/.m2/repository/net/java/dev/jna/platform/3.4.0/platform-3.4.0.jar:/Users/oliverbray/.m2/repository/org/seleniumhq/selenium/selenium-iphone-driver/2.24.1/selenium-iphone-driver-2.24.1.jar:/Users/oliverbray/.m2/repository/org/seleniumhq/selenium/selenium-safari-driver/2.24.1/selenium-safari-driver-2.24.1.jar:/Users/oliverbray/.m2/repository/org/seleniumhq/selenium/selenium-support/2.24.1/selenium-support-2.24.1.jar:/Users/oliverbray/.m2/repository/org/webbitserver/webbit/0.4.6/webbit-0.4.6.jar:/Users/oliverbray/.m2/repository/org/jboss/netty/netty/3.2.7.Final/netty-3.2.7.Final.jar:/Users/oliverbray/.m2/repository/org/seleniumhq/selenium/selenium-chrome-driver/2.5.0/selenium-chrome-driver-2.5.0.jar:/Users/oliverbray/.m2/repository/org/seleniumhq/selenium/selenium-remote-driver/2.5.0/selenium-remote-driver-2.5.0.jar:/Users/oliverbray/.m2/repository/cglib/cglib-nodep/2.1_3/cglib-nodep-2.1_3.jar:/Users/oliverbray/.m2/repository/org/json/json/20080701/json-20080701.jar:/Users/oliverbray/.m2/repository/org/testng/testng/6.0.1/testng-6.0.1.jar:/Users/oliverbray/.m2/repository/junit/junit/3.8.1/junit-3.8.1.jar:/Users/oliverbray/.m2/repository/org/beanshell/bsh/2.0b4/bsh-2.0b4.jar:/Users/oliverbray/.m2/repository/com/beust/jcommander/1.12/jcommander-1.12.jar:/Users/oliverbray/.m2/repository/org/yaml/snakeyaml/1.6/snakeyaml-1.6.jar:/Users/oliverbray/.m2/repository/org/apache/maven/surefire/surefire-testng-utils/2.8/surefire-testng-utils-2.8.jar:"/>
    <property name="java.vm.specification.version" value="1.0"/>
    <property name="sun.arch.data.model" value="64"/>
    <property name="java.home" value="/System/Library/Java/JavaVirtualMachines/1.6.0.jdk/Contents/Home"/>
    <property name="sun.java.command" value="/Users/oliverbray/projects/olly-selenium/functional-tests/target/surefire/surefirebooter7129094597465853817.jar /Users/oliverbray/projects/olly-selenium/functional-tests/target/surefire/surefire1118589852511656387tmp /Users/oliverbray/projects/olly-selenium/functional-tests/target/surefire/surefire923419202117833373tmp"/>
    <property name="java.specification.vendor" value="Sun Microsystems Inc."/>
    <property name="user.language" value="en"/>
    <property name="awt.toolkit" value="apple.awt.CToolkit"/>
    <property name="java.vm.info" value="mixed mode"/>
    <property name="java.version" value="1.6.0_33"/>
    <property name="java.ext.dirs" value="/Library/Java/Extensions:/System/Library/Java/Extensions:/System/Library/Java/JavaVirtualMachines/1.6.0.jdk/Contents/Home/lib/ext"/>
    <property name="sun.boot.class.path" value="/System/Library/Java/JavaVirtualMachines/1.6.0.jdk/Contents/Classes/jsfd.jar:/System/Library/Java/JavaVirtualMachines/1.6.0.jdk/Contents/Classes/classes.jar:/System/Library/Frameworks/JavaVM.framework/Frameworks/JavaRuntimeSupport.framework/Resources/Java/JavaRuntimeSupport.jar:/System/Library/Java/JavaVirtualMachines/1.6.0.jdk/Contents/Classes/ui.jar:/System/Library/Java/JavaVirtualMachines/1.6.0.jdk/Contents/Classes/laf.jar:/System/Library/Java/JavaVirtualMachines/1.6.0.jdk/Contents/Classes/sunrsasign.jar:/System/Library/Java/JavaVirtualMachines/1.6.0.jdk/Contents/Classes/jsse.jar:/System/Library/Java/JavaVirtualMachines/1.6.0.jdk/Contents/Classes/jce.jar:/System/Library/Java/JavaVirtualMachines/1.6.0.jdk/Contents/Classes/charsets.jar"/>
    <property name="java.vendor" value="Apple Inc."/>
    <property name="localRepository" value="/Users/oliverbray/.m2/repository"/>
    <property name="file.separator" value="/"/>
    <property name="java.vendor.url.bug" value="http://bugreport.apple.com/"/>
    <property name="sun.cpu.endian" value="little"/>
    <property name="sun.io.unicode.encoding" value="UnicodeLittle"/>
    <property name="mrj.version" value="1060.1.6.0_33-424"/>
    <property name="socksNonProxyHosts" value="local|*.local|169.254/16|*.169.254/16"/>
    <property name="ftp.nonProxyHosts" value="local|*.local|169.254/16|*.169.254/16"/>
    <property name="sun.cpu.isalist" value=""/>
  </properties>
  <testcase time="0" classname="com.qmetric.tests.PageOneUITest" name="setUp">
    <failure message="java.net.SocketException: Host is down
Build info: version: &apos;2.24.1&apos;, revision: &apos;17205&apos;, time: &apos;2012-06-19 15:28:49&apos;
System info: os.name: &apos;Mac OS X&apos;, os.arch: &apos;x86_64&apos;, os.version: &apos;10.6.8&apos;, java.version: &apos;1.6.0_33&apos;
Driver info: driver.version: RemoteWebDriver" type="org.openqa.selenium.WebDriverException">org.openqa.selenium.WebDriverException: java.net.SocketException: Host is down
Build info: version: &apos;2.24.1&apos;, revision: &apos;17205&apos;, time: &apos;2012-06-19 15:28:49&apos;
System info: os.name: &apos;Mac OS X&apos;, os.arch: &apos;x86_64&apos;, os.version: &apos;10.6.8&apos;, java.version: &apos;1.6.0_33&apos;
Driver info: driver.version: RemoteWebDriver
	at org.openqa.selenium.remote.RemoteWebDriver.execute(RemoteWebDriver.java:406)
	at org.openqa.selenium.remote.RemoteWebDriver.startSession(RemoteWebDriver.java:108)
	at org.openqa.selenium.remote.RemoteWebDriver.&lt;init&gt;(RemoteWebDriver.java:86)
	at org.openqa.selenium.remote.RemoteWebDriver.&lt;init&gt;(RemoteWebDriver.java:94)
	at com.qmetric.utility.AbstractTest.setUp(AbstractTest.java:40)
	at sun.reflect.NativeMethodAccessorImpl.invoke0(Native Method)
	at sun.reflect.NativeMethodAccessorImpl.invoke(NativeMethodAccessorImpl.java:39)
	at sun.reflect.DelegatingMethodAccessorImpl.invoke(DelegatingMethodAccessorImpl.java:25)
	at java.lang.reflect.Method.invoke(Method.java:597)
	at org.testng.internal.MethodInvocationHelper.invokeMethod(MethodInvocationHelper.java:76)
	at org.testng.internal.Invoker.invokeConfigurationMethod(Invoker.java:525)
	at org.testng.internal.Invoker.invokeConfigurations(Invoker.java:202)
	at org.testng.internal.Invoker.invokeConfigurations(Invoker.java:130)
	at org.testng.internal.TestMethodWorker.invokeBeforeClassMethods(TestMethodWorker.java:173)
	at org.testng.internal.TestMethodWorker.run(TestMethodWorker.java:105)
	at java.util.concurrent.ThreadPoolExecutor$Worker.runTask(ThreadPoolExecutor.java:886)
	at java.util.concurrent.ThreadPoolExecutor$Worker.run(ThreadPoolExecutor.java:908)
	at java.lang.Thread.run(Thread.java:680)
Caused by: java.net.SocketException: Host is down
	at java.net.PlainSocketImpl.socketConnect(Native Method)
	at java.net.PlainSocketImpl.doConnect(PlainSocketImpl.java:351)
	at java.net.PlainSocketImpl.connectToAddress(PlainSocketImpl.java:213)
	at java.net.PlainSocketImpl.connect(PlainSocketImpl.java:200)
	at java.net.SocksSocketImpl.connect(SocksSocketImpl.java:432)
	at java.net.Socket.connect(Socket.java:529)
	at org.openqa.selenium.remote.ReusingSocketSocketFactory.connectSocket(ReusingSocketSocketFactory.java:122)
	at org.apache.http.conn.scheme.SchemeSocketFactoryAdaptor.connectSocket(SchemeSocketFactoryAdaptor.java:62)
	at org.apache.http.impl.conn.DefaultClientConnectionOperator.openConnection(DefaultClientConnectionOperator.java:148)
	at org.apache.http.impl.conn.AbstractPoolEntry.open(AbstractPoolEntry.java:149)
	at org.apache.http.impl.conn.AbstractPooledConnAdapter.open(AbstractPooledConnAdapter.java:121)
	at org.apache.http.impl.client.DefaultRequestDirector.tryConnect(DefaultRequestDirector.java:573)
	at org.apache.http.impl.client.DefaultRequestDirector.execute(DefaultRequestDirector.java:425)
	at org.apache.http.impl.client.AbstractHttpClient.execute(AbstractHttpClient.java:820)
	at org.openqa.selenium.remote.HttpCommandExecutor.fallBackExecute(HttpCommandExecutor.java:284)
	at org.openqa.selenium.remote.HttpCommandExecutor.execute(HttpCommandExecutor.java:264)
	at org.openqa.selenium.remote.RemoteWebDriver.execute(RemoteWebDriver.java:389)
	... 17 more
Caused by: java.net.SocketException: Host is down
	at java.net.PlainSocketImpl.socketConnect(Native Method)
	at java.net.PlainSocketImpl.doConnect(PlainSocketImpl.java:351)
	at java.net.PlainSocketImpl.connectToAddress(PlainSocketImpl.java:213)
	at java.net.PlainSocketImpl.connect(PlainSocketImpl.java:200)
	at java.net.SocksSocketImpl.connect(SocksSocketImpl.java:432)
	at java.net.Socket.connect(Socket.java:529)
	at org.openqa.selenium.remote.ReusingSocketSocketFactory.connectSocket(ReusingSocketSocketFactory.java:122)
	at org.apache.http.conn.scheme.SchemeSocketFactoryAdaptor.connectSocket(SchemeSocketFactoryAdaptor.java:62)
	at org.apache.http.impl.conn.DefaultClientConnectionOperator.openConnection(DefaultClientConnectionOperator.java:148)
	at org.apache.http.impl.conn.AbstractPoolEntry.open(AbstractPoolEntry.java:149)
	at org.apache.http.impl.conn.AbstractPooledConnAdapter.open(AbstractPooledConnAdapter.java:121)
	at org.apache.http.impl.client.DefaultRequestDirector.tryConnect(DefaultRequestDirector.java:573)
	at org.apache.http.impl.client.DefaultRequestDirector.execute(DefaultRequestDirector.java:425)
	at org.apache.http.impl.client.AbstractHttpClient.execute(AbstractHttpClient.java:820)
	at org.openqa.selenium.remote.HttpCommandExecutor.fallBackExecute(HttpCommandExecutor.java:284)
	at org.openqa.selenium.remote.HttpCommandExecutor.execute(HttpCommandExecutor.java:264)
	at org.openqa.selenium.remote.RemoteWebDriver.execute(RemoteWebDriver.java:389)
	... 17 more
</failure>
    <system-out>@HL
@HL-------------------------------------------------------
@HL T E S T S
@HL-------------------------------------------------------
@SLRunning TestSuite
</system-out>
    <system-err>Aug 3, 2012 3:20:21 PM org.apache.http.impl.client.DefaultRequestDirector tryConnect
INFO: I/O exception (java.net.SocketException) caught when connecting to the target host: Host is down
Aug 3, 2012 3:20:21 PM org.apache.http.impl.client.DefaultRequestDirector tryConnect
INFO: I/O exception (java.net.SocketException) caught when connecting to the target host: Host is down
Aug 3, 2012 3:20:21 PM org.apache.http.impl.client.DefaultRequestDirector tryConnect
INFO: I/O exception (java.net.SocketException) caught when connecting to the target host: Host is down
Aug 3, 2012 3:20:21 PM org.apache.http.impl.client.DefaultRequestDirector tryConnect
INFO: Retrying connect
Aug 3, 2012 3:20:21 PM org.apache.http.impl.client.DefaultRequestDirector tryConnect
INFO: I/O exception (java.net.SocketException) caught when connecting to the target host: Host is down
Aug 3, 2012 3:20:21 PM org.apache.http.impl.client.DefaultRequestDirector tryConnect
INFO: I/O exception (java.net.SocketException) caught when connecting to the target host: Host is down
Aug 3, 2012 3:20:21 PM org.apache.http.impl.client.DefaultRequestDirector tryConnect
INFO: Retrying connect
Aug 3, 2012 3:20:21 PM org.apache.http.impl.client.DefaultRequestDirector tryConnect
INFO: Retrying connect
Aug 3, 2012 3:20:21 PM org.apache.http.impl.client.DefaultRequestDirector tryConnect
INFO: I/O exception (java.net.SocketException) caught when connecting to the target host: Host is down
Aug 3, 2012 3:20:21 PM org.apache.http.impl.client.DefaultRequestDirector tryConnect
INFO: I/O exception (java.net.SocketException) caught when connecting to the target host: Host is down
Aug 3, 2012 3:20:21 PM org.apache.http.impl.client.DefaultRequestDirector tryConnect
INFO: Retrying connect
Aug 3, 2012 3:20:21 PM org.apache.http.impl.client.DefaultRequestDirector tryConnect
INFO: Retrying connect
Aug 3, 2012 3:20:21 PM org.apache.http.impl.client.DefaultRequestDirector tryConnect
INFO: I/O exception (java.net.SocketException) caught when connecting to the target host: Host is down
Aug 3, 2012 3:20:21 PM org.apache.http.impl.client.DefaultRequestDirector tryConnect
INFO: Retrying connect
Aug 3, 2012 3:20:21 PM org.apache.http.impl.client.DefaultRequestDirector tryConnect
INFO: Retrying connect
Aug 3, 2012 3:20:21 PM org.apache.http.impl.client.DefaultRequestDirector tryConnect
INFO: I/O exception (java.net.SocketException) caught when connecting to the target host: Host is down
Aug 3, 2012 3:20:21 PM org.apache.http.impl.client.DefaultRequestDirector tryConnect
INFO: Retrying connect
Aug 3, 2012 3:20:21 PM org.apache.http.impl.client.DefaultRequestDirector tryConnect
INFO: I/O exception (java.net.SocketException) caught when connecting to the target host: Host is down
Aug 3, 2012 3:20:21 PM org.apache.http.impl.client.DefaultRequestDirector tryConnect
INFO: Retrying connect
Aug 3, 2012 3:20:21 PM org.apache.http.impl.client.DefaultRequestDirector tryConnect
INFO: I/O exception (java.net.SocketException) caught when connecting to the target host: Host is down
Aug 3, 2012 3:20:21 PM org.apache.http.impl.client.DefaultRequestDirector tryConnect
INFO: Retrying connect
Aug 3, 2012 3:20:21 PM org.apache.http.impl.client.DefaultRequestDirector tryConnect
INFO: Retrying connect
Aug 3, 2012 3:20:21 PM org.apache.http.impl.client.DefaultRequestDirector tryConnect
INFO: I/O exception (java.net.SocketException) caught when connecting to the target host: Host is down
Aug 3, 2012 3:20:21 PM org.apache.http.impl.client.DefaultRequestDirector tryConnect
INFO: Retrying connect
</system-err>
  </testcase>
  <testcase time="0.004" classname="com.qmetric.tests.LandingPageTest" name="setUp">
    <failure message="java.net.SocketException: Host is down
Build info: version: &apos;2.24.1&apos;, revision: &apos;17205&apos;, time: &apos;2012-06-19 15:28:49&apos;
System info: os.name: &apos;Mac OS X&apos;, os.arch: &apos;x86_64&apos;, os.version: &apos;10.6.8&apos;, java.version: &apos;1.6.0_33&apos;
Driver info: driver.version: RemoteWebDriver" type="org.openqa.selenium.WebDriverException">org.openqa.selenium.WebDriverException: java.net.SocketException: Host is down
Build info: version: &apos;2.24.1&apos;, revision: &apos;17205&apos;, time: &apos;2012-06-19 15:28:49&apos;
System info: os.name: &apos;Mac OS X&apos;, os.arch: &apos;x86_64&apos;, os.version: &apos;10.6.8&apos;, java.version: &apos;1.6.0_33&apos;
Driver info: driver.version: RemoteWebDriver
	at org.openqa.selenium.remote.RemoteWebDriver.execute(RemoteWebDriver.java:406)
	at org.openqa.selenium.remote.RemoteWebDriver.startSession(RemoteWebDriver.java:108)
	at org.openqa.selenium.remote.RemoteWebDriver.&lt;init&gt;(RemoteWebDriver.java:86)
	at org.openqa.selenium.remote.RemoteWebDriver.&lt;init&gt;(RemoteWebDriver.java:94)
	at com.qmetric.utility.AbstractTest.setUp(AbstractTest.java:40)
	at sun.reflect.NativeMethodAccessorImpl.invoke0(Native Method)
	at sun.reflect.NativeMethodAccessorImpl.invoke(NativeMethodAccessorImpl.java:39)
	at sun.reflect.DelegatingMethodAccessorImpl.invoke(DelegatingMethodAccessorImpl.java:25)
	at java.lang.reflect.Method.invoke(Method.java:597)
	at org.testng.internal.MethodInvocationHelper.invokeMethod(MethodInvocationHelper.java:76)
	at org.testng.internal.Invoker.invokeConfigurationMethod(Invoker.java:525)
	at org.testng.internal.Invoker.invokeConfigurations(Invoker.java:202)
	at org.testng.internal.Invoker.invokeConfigurations(Invoker.java:130)
	at org.testng.internal.TestMethodWorker.invokeBeforeClassMethods(TestMethodWorker.java:173)
	at org.testng.internal.TestMethodWorker.run(TestMethodWorker.java:105)
	at java.util.concurrent.ThreadPoolExecutor$Worker.runTask(ThreadPoolExecutor.java:886)
	at java.util.concurrent.ThreadPoolExecutor$Worker.run(ThreadPoolExecutor.java:908)
	at java.lang.Thread.run(Thread.java:680)
Caused by: java.net.SocketException: Host is down
	at java.net.PlainSocketImpl.socketConnect(Native Method)
	at java.net.PlainSocketImpl.doConnect(PlainSocketImpl.java:351)
	at java.net.PlainSocketImpl.connectToAddress(PlainSocketImpl.java:213)
	at java.net.PlainSocketImpl.connect(PlainSocketImpl.java:200)
	at java.net.SocksSocketImpl.connect(SocksSocketImpl.java:432)
	at java.net.Socket.connect(Socket.java:529)
	at org.openqa.selenium.remote.ReusingSocketSocketFactory.connectSocket(ReusingSocketSocketFactory.java:122)
	at org.apache.http.conn.scheme.SchemeSocketFactoryAdaptor.connectSocket(SchemeSocketFactoryAdaptor.java:62)
	at org.apache.http.impl.conn.DefaultClientConnectionOperator.openConnection(DefaultClientConnectionOperator.java:148)
	at org.apache.http.impl.conn.AbstractPoolEntry.open(AbstractPoolEntry.java:149)
	at org.apache.http.impl.conn.AbstractPooledConnAdapter.open(AbstractPooledConnAdapter.java:121)
	at org.apache.http.impl.client.DefaultRequestDirector.tryConnect(DefaultRequestDirector.java:573)
	at org.apache.http.impl.client.DefaultRequestDirector.execute(DefaultRequestDirector.java:425)
	at org.apache.http.impl.client.AbstractHttpClient.execute(AbstractHttpClient.java:820)
	at org.openqa.selenium.remote.HttpCommandExecutor.fallBackExecute(HttpCommandExecutor.java:284)
	at org.openqa.selenium.remote.HttpCommandExecutor.execute(HttpCommandExecutor.java:264)
	at org.openqa.selenium.remote.RemoteWebDriver.execute(RemoteWebDriver.java:389)
	... 17 more
Caused by: java.net.SocketException: Host is down
	at java.net.PlainSocketImpl.socketConnect(Native Method)
	at java.net.PlainSocketImpl.doConnect(PlainSocketImpl.java:351)
	at java.net.PlainSocketImpl.connectToAddress(PlainSocketImpl.java:213)
	at java.net.PlainSocketImpl.connect(PlainSocketImpl.java:200)
	at java.net.SocksSocketImpl.connect(SocksSocketImpl.java:432)
	at java.net.Socket.connect(Socket.java:529)
	at org.openqa.selenium.remote.ReusingSocketSocketFactory.connectSocket(ReusingSocketSocketFactory.java:122)
	at org.apache.http.conn.scheme.SchemeSocketFactoryAdaptor.connectSocket(SchemeSocketFactoryAdaptor.java:62)
	at org.apache.http.impl.conn.DefaultClientConnectionOperator.openConnection(DefaultClientConnectionOperator.java:148)
	at org.apache.http.impl.conn.AbstractPoolEntry.open(AbstractPoolEntry.java:149)
	at org.apache.http.impl.conn.AbstractPooledConnAdapter.open(AbstractPooledConnAdapter.java:121)
	at org.apache.http.impl.client.DefaultRequestDirector.tryConnect(DefaultRequestDirector.java:573)
	at org.apache.http.impl.client.DefaultRequestDirector.execute(DefaultRequestDirector.java:425)
	at org.apache.http.impl.client.AbstractHttpClient.execute(AbstractHttpClient.java:820)
	at org.openqa.selenium.remote.HttpCommandExecutor.fallBackExecute(HttpCommandExecutor.java:284)
	at org.openqa.selenium.remote.HttpCommandExecutor.execute(HttpCommandExecutor.java:264)
	at org.openqa.selenium.remote.RemoteWebDriver.execute(RemoteWebDriver.java:389)
	... 17 more
</failure>
  </testcase>
  <testcase time="0.007" classname="com.qmetric.tests.PageOneUITest" name="setUp">
    <failure message="java.net.SocketException: Host is down
Build info: version: &apos;2.24.1&apos;, revision: &apos;17205&apos;, time: &apos;2012-06-19 15:28:49&apos;
System info: os.name: &apos;Mac OS X&apos;, os.arch: &apos;x86_64&apos;, os.version: &apos;10.6.8&apos;, java.version: &apos;1.6.0_33&apos;
Driver info: driver.version: RemoteWebDriver" type="org.openqa.selenium.WebDriverException">org.openqa.selenium.WebDriverException: java.net.SocketException: Host is down
Build info: version: &apos;2.24.1&apos;, revision: &apos;17205&apos;, time: &apos;2012-06-19 15:28:49&apos;
System info: os.name: &apos;Mac OS X&apos;, os.arch: &apos;x86_64&apos;, os.version: &apos;10.6.8&apos;, java.version: &apos;1.6.0_33&apos;
Driver info: driver.version: RemoteWebDriver
	at org.openqa.selenium.remote.RemoteWebDriver.execute(RemoteWebDriver.java:406)
	at org.openqa.selenium.remote.RemoteWebDriver.startSession(RemoteWebDriver.java:108)
	at org.openqa.selenium.remote.RemoteWebDriver.&lt;init&gt;(RemoteWebDriver.java:86)
	at org.openqa.selenium.remote.RemoteWebDriver.&lt;init&gt;(RemoteWebDriver.java:94)
	at com.qmetric.utility.AbstractTest.setUp(AbstractTest.java:40)
	at sun.reflect.NativeMethodAccessorImpl.invoke0(Native Method)
	at sun.reflect.NativeMethodAccessorImpl.invoke(NativeMethodAccessorImpl.java:39)
	at sun.reflect.DelegatingMethodAccessorImpl.invoke(DelegatingMethodAccessorImpl.java:25)
	at java.lang.reflect.Method.invoke(Method.java:597)
	at org.testng.internal.MethodInvocationHelper.invokeMethod(MethodInvocationHelper.java:76)
	at org.testng.internal.Invoker.invokeConfigurationMethod(Invoker.java:525)
	at org.testng.internal.Invoker.invokeConfigurations(Invoker.java:202)
	at org.testng.internal.Invoker.invokeConfigurations(Invoker.java:130)
	at org.testng.internal.TestMethodWorker.invokeBeforeClassMethods(TestMethodWorker.java:173)
	at org.testng.internal.TestMethodWorker.run(TestMethodWorker.java:105)
	at java.util.concurrent.ThreadPoolExecutor$Worker.runTask(ThreadPoolExecutor.java:886)
	at java.util.concurrent.ThreadPoolExecutor$Worker.run(ThreadPoolExecutor.java:908)
	at java.lang.Thread.run(Thread.java:680)
Caused by: java.net.SocketException: Host is down
	at java.net.PlainSocketImpl.socketConnect(Native Method)
	at java.net.PlainSocketImpl.doConnect(PlainSocketImpl.java:351)
	at java.net.PlainSocketImpl.connectToAddress(PlainSocketImpl.java:213)
	at java.net.PlainSocketImpl.connect(PlainSocketImpl.java:200)
	at java.net.SocksSocketImpl.connect(SocksSocketImpl.java:432)
	at java.net.Socket.connect(Socket.java:529)
	at org.openqa.selenium.remote.ReusingSocketSocketFactory.connectSocket(ReusingSocketSocketFactory.java:122)
	at org.apache.http.conn.scheme.SchemeSocketFactoryAdaptor.connectSocket(SchemeSocketFactoryAdaptor.java:62)
	at org.apache.http.impl.conn.DefaultClientConnectionOperator.openConnection(DefaultClientConnectionOperator.java:148)
	at org.apache.http.impl.conn.AbstractPoolEntry.open(AbstractPoolEntry.java:149)
	at org.apache.http.impl.conn.AbstractPooledConnAdapter.open(AbstractPooledConnAdapter.java:121)
	at org.apache.http.impl.client.DefaultRequestDirector.tryConnect(DefaultRequestDirector.java:573)
	at org.apache.http.impl.client.DefaultRequestDirector.execute(DefaultRequestDirector.java:425)
	at org.apache.http.impl.client.AbstractHttpClient.execute(AbstractHttpClient.java:820)
	at org.openqa.selenium.remote.HttpCommandExecutor.fallBackExecute(HttpCommandExecutor.java:284)
	at org.openqa.selenium.remote.HttpCommandExecutor.execute(HttpCommandExecutor.java:264)
	at org.openqa.selenium.remote.RemoteWebDriver.execute(RemoteWebDriver.java:389)
	... 17 more
Caused by: java.net.SocketException: Host is down
	at java.net.PlainSocketImpl.socketConnect(Native Method)
	at java.net.PlainSocketImpl.doConnect(PlainSocketImpl.java:351)
	at java.net.PlainSocketImpl.connectToAddress(PlainSocketImpl.java:213)
	at java.net.PlainSocketImpl.connect(PlainSocketImpl.java:200)
	at java.net.SocksSocketImpl.connect(SocksSocketImpl.java:432)
	at java.net.Socket.connect(Socket.java:529)
	at org.openqa.selenium.remote.ReusingSocketSocketFactory.connectSocket(ReusingSocketSocketFactory.java:122)
	at org.apache.http.conn.scheme.SchemeSocketFactoryAdaptor.connectSocket(SchemeSocketFactoryAdaptor.java:62)
	at org.apache.http.impl.conn.DefaultClientConnectionOperator.openConnection(DefaultClientConnectionOperator.java:148)
	at org.apache.http.impl.conn.AbstractPoolEntry.open(AbstractPoolEntry.java:149)
	at org.apache.http.impl.conn.AbstractPooledConnAdapter.open(AbstractPooledConnAdapter.java:121)
	at org.apache.http.impl.client.DefaultRequestDirector.tryConnect(DefaultRequestDirector.java:573)
	at org.apache.http.impl.client.DefaultRequestDirector.execute(DefaultRequestDirector.java:425)
	at org.apache.http.impl.client.AbstractHttpClient.execute(AbstractHttpClient.java:820)
	at org.openqa.selenium.remote.HttpCommandExecutor.fallBackExecute(HttpCommandExecutor.java:284)
	at org.openqa.selenium.remote.HttpCommandExecutor.execute(HttpCommandExecutor.java:264)
	at org.openqa.selenium.remote.RemoteWebDriver.execute(RemoteWebDriver.java:389)
	... 17 more
</failure>
  </testcase>
  <testcase time="0.01" classname="com.qmetric.tests.LandingPageTest" name="setUp">
    <failure message="java.net.SocketException: Host is down
Build info: version: &apos;2.24.1&apos;, revision: &apos;17205&apos;, time: &apos;2012-06-19 15:28:49&apos;
System info: os.name: &apos;Mac OS X&apos;, os.arch: &apos;x86_64&apos;, os.version: &apos;10.6.8&apos;, java.version: &apos;1.6.0_33&apos;
Driver info: driver.version: RemoteWebDriver" type="org.openqa.selenium.WebDriverException">org.openqa.selenium.WebDriverException: java.net.SocketException: Host is down
Build info: version: &apos;2.24.1&apos;, revision: &apos;17205&apos;, time: &apos;2012-06-19 15:28:49&apos;
System info: os.name: &apos;Mac OS X&apos;, os.arch: &apos;x86_64&apos;, os.version: &apos;10.6.8&apos;, java.version: &apos;1.6.0_33&apos;
Driver info: driver.version: RemoteWebDriver
	at org.openqa.selenium.remote.RemoteWebDriver.execute(RemoteWebDriver.java:406)
	at org.openqa.selenium.remote.RemoteWebDriver.startSession(RemoteWebDriver.java:108)
	at org.openqa.selenium.remote.RemoteWebDriver.&lt;init&gt;(RemoteWebDriver.java:86)
	at org.openqa.selenium.remote.RemoteWebDriver.&lt;init&gt;(RemoteWebDriver.java:94)
	at com.qmetric.utility.AbstractTest.setUp(AbstractTest.java:40)
	at sun.reflect.NativeMethodAccessorImpl.invoke0(Native Method)
	at sun.reflect.NativeMethodAccessorImpl.invoke(NativeMethodAccessorImpl.java:39)
	at sun.reflect.DelegatingMethodAccessorImpl.invoke(DelegatingMethodAccessorImpl.java:25)
	at java.lang.reflect.Method.invoke(Method.java:597)
	at org.testng.internal.MethodInvocationHelper.invokeMethod(MethodInvocationHelper.java:76)
	at org.testng.internal.Invoker.invokeConfigurationMethod(Invoker.java:525)
	at org.testng.internal.Invoker.invokeConfigurations(Invoker.java:202)
	at org.testng.internal.Invoker.invokeConfigurations(Invoker.java:130)
	at org.testng.internal.TestMethodWorker.invokeBeforeClassMethods(TestMethodWorker.java:173)
	at org.testng.internal.TestMethodWorker.run(TestMethodWorker.java:105)
	at java.util.concurrent.ThreadPoolExecutor$Worker.runTask(ThreadPoolExecutor.java:886)
	at java.util.concurrent.ThreadPoolExecutor$Worker.run(ThreadPoolExecutor.java:908)
	at java.lang.Thread.run(Thread.java:680)
Caused by: java.net.SocketException: Host is down
	at java.net.PlainSocketImpl.socketConnect(Native Method)
	at java.net.PlainSocketImpl.doConnect(PlainSocketImpl.java:351)
	at java.net.PlainSocketImpl.connectToAddress(PlainSocketImpl.java:213)
	at java.net.PlainSocketImpl.connect(PlainSocketImpl.java:200)
	at java.net.SocksSocketImpl.connect(SocksSocketImpl.java:432)
	at java.net.Socket.connect(Socket.java:529)
	at org.openqa.selenium.remote.ReusingSocketSocketFactory.connectSocket(ReusingSocketSocketFactory.java:122)
	at org.apache.http.conn.scheme.SchemeSocketFactoryAdaptor.connectSocket(SchemeSocketFactoryAdaptor.java:62)
	at org.apache.http.impl.conn.DefaultClientConnectionOperator.openConnection(DefaultClientConnectionOperator.java:148)
	at org.apache.http.impl.conn.AbstractPoolEntry.open(AbstractPoolEntry.java:149)
	at org.apache.http.impl.conn.AbstractPooledConnAdapter.open(AbstractPooledConnAdapter.java:121)
	at org.apache.http.impl.client.DefaultRequestDirector.tryConnect(DefaultRequestDirector.java:573)
	at org.apache.http.impl.client.DefaultRequestDirector.execute(DefaultRequestDirector.java:425)
	at org.apache.http.impl.client.AbstractHttpClient.execute(AbstractHttpClient.java:820)
	at org.openqa.selenium.remote.HttpCommandExecutor.fallBackExecute(HttpCommandExecutor.java:284)
	at org.openqa.selenium.remote.HttpCommandExecutor.execute(HttpCommandExecutor.java:264)
	at org.openqa.selenium.remote.RemoteWebDriver.execute(RemoteWebDriver.java:389)
	... 17 more
Caused by: java.net.SocketException: Host is down
	at java.net.PlainSocketImpl.socketConnect(Native Method)
	at java.net.PlainSocketImpl.doConnect(PlainSocketImpl.java:351)
	at java.net.PlainSocketImpl.connectToAddress(PlainSocketImpl.java:213)
	at java.net.PlainSocketImpl.connect(PlainSocketImpl.java:200)
	at java.net.SocksSocketImpl.connect(SocksSocketImpl.java:432)
	at java.net.Socket.connect(Socket.java:529)
	at org.openqa.selenium.remote.ReusingSocketSocketFactory.connectSocket(ReusingSocketSocketFactory.java:122)
	at org.apache.http.conn.scheme.SchemeSocketFactoryAdaptor.connectSocket(SchemeSocketFactoryAdaptor.java:62)
	at org.apache.http.impl.conn.DefaultClientConnectionOperator.openConnection(DefaultClientConnectionOperator.java:148)
	at org.apache.http.impl.conn.AbstractPoolEntry.open(AbstractPoolEntry.java:149)
	at org.apache.http.impl.conn.AbstractPooledConnAdapter.open(AbstractPooledConnAdapter.java:121)
	at org.apache.http.impl.client.DefaultRequestDirector.tryConnect(DefaultRequestDirector.java:573)
	at org.apache.http.impl.client.DefaultRequestDirector.execute(DefaultRequestDirector.java:425)
	at org.apache.http.impl.client.AbstractHttpClient.execute(AbstractHttpClient.java:820)
	at org.openqa.selenium.remote.HttpCommandExecutor.fallBackExecute(HttpCommandExecutor.java:284)
	at org.openqa.selenium.remote.HttpCommandExecutor.execute(HttpCommandExecutor.java:264)
	at org.openqa.selenium.remote.RemoteWebDriver.execute(RemoteWebDriver.java:389)
	... 17 more
</failure>
  </testcase>
  <testcase time="0.011" classname="com.qmetric.tests.PageOneUITest" name="getToPage1">
    <skipped/>
  </testcase>
  <testcase time="0.011" classname="com.qmetric.tests.LandingPageTest" name="getToLandingPage">
    <skipped/>
  </testcase>
  <testcase time="0.011" classname="com.qmetric.tests.PageOneUITest" name="getToPage1">
    <skipped/>
  </testcase>
  <testcase time="0" classname="com.qmetric.tests.LandingPageTest" name="getToLandingPage">
    <skipped/>
  </testcase>
  <testcase time="0" classname="com.qmetric.tests.LandingPageTest" name="testPageTitle">
    <skipped/>
  </testcase>
  <testcase time="0" classname="com.qmetric.tests.LandingPageTest" name="testPageTitle">
    <skipped/>
  </testcase>
  <testcase time="0" classname="com.qmetric.tests.PageOneUITest" name="testAddressSearch">
    <skipped/>
  </testcase>
  <testcase time="0" classname="com.qmetric.tests.PageOneUITest" name="testAddressSearch">
    <skipped/>
  </testcase>
  <testcase time="0.001" classname="com.qmetric.tests.LandingPageTest" name="tearDown">
    <skipped/>
  </testcase>
  <testcase time="0.001" classname="com.qmetric.tests.LandingPageTest" name="tearDown">
    <skipped/>
  </testcase>
  <testcase time="0.001" classname="com.qmetric.tests.PageOneUITest" name="getToPage1">
    <skipped/>
  </testcase>
  <testcase time="0.001" classname="com.qmetric.tests.PageOneUITest" name="testPropertyTypeDropDowns">
    <skipped/>
  </testcase>
  <testcase time="0.001" classname="com.qmetric.tests.PageOneUITest" name="getToPage1">
    <skipped/>
  </testcase>
  <testcase time="0.001" classname="com.qmetric.tests.PageOneUITest" name="testPropertyTypeDropDowns">
    <skipped/>
  </testcase>
  <testcase time="0.001" classname="com.qmetric.tests.PageOneUITest" name="getToPage1">
    <skipped/>
  </testcase>
  <testcase time="0" classname="com.qmetric.tests.PageOneUITest" name="testAddressSearchValidationText">
    <skipped/>
  </testcase>
  <testcase time="0.001" classname="com.qmetric.tests.PageOneUITest" name="getToPage1">
    <skipped/>
  </testcase>
  <testcase time="0" classname="com.qmetric.tests.PageOneUITest" name="testAddressSearchValidationText">
    <skipped/>
  </testcase>
  <testcase time="0" classname="com.qmetric.tests.PageOneUITest" name="getToPage1">
    <skipped/>
  </testcase>
  <testcase time="0" classname="com.qmetric.tests.PageOneUITest" name="testPageTitle">
    <skipped/>
  </testcase>
  <testcase time="0" classname="com.qmetric.tests.PageOneUITest" name="getToPage1">
    <skipped/>
  </testcase>
  <testcase time="0.001" classname="com.qmetric.tests.PageOneUITest" name="testPageTitle">
    <skipped/>
  </testcase>
  <testcase time="0.001" classname="com.qmetric.tests.PageOneUITest" name="getToPage1">
    <skipped/>
  </testcase>
  <testcase time="0" classname="com.qmetric.tests.PageOneUITest" name="testAddressManualEdit">
    <skipped/>
  </testcase>
  <testcase time="0" classname="com.qmetric.tests.PageOneUITest" name="tearDown">
    <skipped/>
  </testcase>
  <testcase time="0" classname="com.qmetric.tests.PageOneUITest" name="getToPage1">
    <skipped/>
  </testcase>
  <testcase time="0" classname="com.qmetric.tests.PageOneUITest" name="testAddressManualEdit">
    <skipped/>
  </testcase>
  <testcase time="0" classname="com.qmetric.tests.PageOneUITest" name="tearDown">
    <skipped/>
  </testcase>
</testsuite>