<?xml version="1.0" encoding="UTF-8" ?>
<testsuite failures="0" time="28.162" errors="0" skipped="0" tests="12" name="TestSuite">
  <properties>
    <property name="java.runtime.name" value="Java(TM) SE Runtime Environment"/>
    <property name="sun.boot.library.path" value="/System/Library/Java/JavaVirtualMachines/1.6.0.jdk/Contents/Libraries"/>
    <property name="java.vm.version" value="20.8-b03-424"/>
    <property name="awt.nativeDoubleBuffering" value="true"/>
    <property name="gopherProxySet" value="false"/>
    <property name="mrj.build" value="10M3720"/>
    <property name="java.vm.vendor" value="Apple Inc."/>
    <property name="java.vendor.url" value="http://www.apple.com/"/>
    <property name="path.separator" value=":"/>
    <property name="java.vm.name" value="Java HotSpot(TM) 64-Bit Server VM"/>
    <property name="file.encoding.pkg" value="sun.io"/>
    <property name="user.country" value="US"/>
    <property name="sun.java.launcher" value="SUN_STANDARD"/>
    <property name="sun.os.patch.level" value="unknown"/>
    <property name="java.vm.specification.name" value="Java Virtual Machine Specification"/>
    <property name="user.dir" value="/Users/obray/projects/olly-selenium/functional-tests"/>
    <property name="java.runtime.version" value="1.6.0_33-b03-424-10M3720"/>
    <property name="java.awt.graphicsenv" value="apple.awt.CGraphicsEnvironment"/>
    <property name="basedir" value="/Users/obray/projects/olly-selenium/functional-tests"/>
    <property name="java.endorsed.dirs" value="/System/Library/Java/JavaVirtualMachines/1.6.0.jdk/Contents/Home/lib/endorsed"/>
    <property name="os.arch" value="x86_64"/>
    <property name="surefire.real.class.path" value="/Users/obray/projects/olly-selenium/functional-tests/target/surefire/surefirebooter866030088210441525.jar"/>
    <property name="java.io.tmpdir" value="/var/folders/yc/ycXrZjWfEdWgHWGbDYYkdU+++TI/-Tmp-/"/>
    <property name="line.separator" value="
"/>
    <property name="java.vm.specification.vendor" value="Sun Microsystems Inc."/>
    <property name="os.name" value="Mac OS X"/>
    <property name="sun.jnu.encoding" value="MacRoman"/>
    <property name="java.library.path" value=".:/Library/Java/Extensions:/System/Library/Java/Extensions:/usr/lib/java"/>
    <property name="surefire.test.class.path" value="/Users/obray/projects/olly-selenium/functional-tests/target/test-classes:/Users/obray/projects/olly-selenium/functional-tests/target/classes:/Users/obray/.m2/repository/org/seleniumhq/selenium/selenium-java/2.24.1/selenium-java-2.24.1.jar:/Users/obray/.m2/repository/org/seleniumhq/selenium/selenium-android-driver/2.24.1/selenium-android-driver-2.24.1.jar:/Users/obray/.m2/repository/org/seleniumhq/selenium/selenium-htmlunit-driver/2.24.1/selenium-htmlunit-driver-2.24.1.jar:/Users/obray/.m2/repository/org/seleniumhq/selenium/selenium-api/2.24.1/selenium-api-2.24.1.jar:/Users/obray/.m2/repository/com/google/guava/guava/12.0/guava-12.0.jar:/Users/obray/.m2/repository/com/google/code/findbugs/jsr305/1.3.9/jsr305-1.3.9.jar:/Users/obray/.m2/repository/net/sourceforge/htmlunit/htmlunit/2.9/htmlunit-2.9.jar:/Users/obray/.m2/repository/xalan/xalan/2.7.1/xalan-2.7.1.jar:/Users/obray/.m2/repository/xalan/serializer/2.7.1/serializer-2.7.1.jar:/Users/obray/.m2/repository/commons-collections/commons-collections/3.2.1/commons-collections-3.2.1.jar:/Users/obray/.m2/repository/commons-lang/commons-lang/2.6/commons-lang-2.6.jar:/Users/obray/.m2/repository/org/apache/httpcomponents/httpmime/4.1.2/httpmime-4.1.2.jar:/Users/obray/.m2/repository/commons-codec/commons-codec/1.4/commons-codec-1.4.jar:/Users/obray/.m2/repository/net/sourceforge/htmlunit/htmlunit-core-js/2.9/htmlunit-core-js-2.9.jar:/Users/obray/.m2/repository/xerces/xercesImpl/2.9.1/xercesImpl-2.9.1.jar:/Users/obray/.m2/repository/xml-apis/xml-apis/1.3.04/xml-apis-1.3.04.jar:/Users/obray/.m2/repository/net/sourceforge/nekohtml/nekohtml/1.9.15/nekohtml-1.9.15.jar:/Users/obray/.m2/repository/net/sourceforge/cssparser/cssparser/0.9.5/cssparser-0.9.5.jar:/Users/obray/.m2/repository/org/w3c/css/sac/1.3/sac-1.3.jar:/Users/obray/.m2/repository/commons-logging/commons-logging/1.1.1/commons-logging-1.1.1.jar:/Users/obray/.m2/repository/org/apache/httpcomponents/httpclient/4.1.2/httpclient-4.1.2.jar:/Users/obray/.m2/repository/org/apache/httpcomponents/httpcore/4.1.2/httpcore-4.1.2.jar:/Users/obray/.m2/repository/org/seleniumhq/selenium/selenium-firefox-driver/2.24.1/selenium-firefox-driver-2.24.1.jar:/Users/obray/.m2/repository/commons-io/commons-io/2.0.1/commons-io-2.0.1.jar:/Users/obray/.m2/repository/org/apache/commons/commons-exec/1.1/commons-exec-1.1.jar:/Users/obray/.m2/repository/org/seleniumhq/selenium/selenium-ie-driver/2.24.1/selenium-ie-driver-2.24.1.jar:/Users/obray/.m2/repository/net/java/dev/jna/jna/3.4.0/jna-3.4.0.jar:/Users/obray/.m2/repository/net/java/dev/jna/platform/3.4.0/platform-3.4.0.jar:/Users/obray/.m2/repository/org/seleniumhq/selenium/selenium-iphone-driver/2.24.1/selenium-iphone-driver-2.24.1.jar:/Users/obray/.m2/repository/org/seleniumhq/selenium/selenium-safari-driver/2.24.1/selenium-safari-driver-2.24.1.jar:/Users/obray/.m2/repository/org/seleniumhq/selenium/selenium-support/2.24.1/selenium-support-2.24.1.jar:/Users/obray/.m2/repository/org/webbitserver/webbit/0.4.6/webbit-0.4.6.jar:/Users/obray/.m2/repository/org/jboss/netty/netty/3.2.7.Final/netty-3.2.7.Final.jar:/Users/obray/.m2/repository/org/seleniumhq/selenium/selenium-chrome-driver/2.5.0/selenium-chrome-driver-2.5.0.jar:/Users/obray/.m2/repository/org/seleniumhq/selenium/selenium-remote-driver/2.5.0/selenium-remote-driver-2.5.0.jar:/Users/obray/.m2/repository/cglib/cglib-nodep/2.1_3/cglib-nodep-2.1_3.jar:/Users/obray/.m2/repository/org/json/json/20080701/json-20080701.jar:/Users/obray/.m2/repository/org/testng/testng/6.0.1/testng-6.0.1.jar:/Users/obray/.m2/repository/junit/junit/3.8.1/junit-3.8.1.jar:/Users/obray/.m2/repository/org/beanshell/bsh/2.0b4/bsh-2.0b4.jar:/Users/obray/.m2/repository/com/beust/jcommander/1.12/jcommander-1.12.jar:/Users/obray/.m2/repository/org/yaml/snakeyaml/1.6/snakeyaml-1.6.jar:/Users/obray/.m2/repository/org/apache/maven/surefire/surefire-testng-utils/2.8/surefire-testng-utils-2.8.jar:"/>
    <property name="java.specification.name" value="Java Platform API Specification"/>
    <property name="java.class.version" value="50.0"/>
    <property name="sun.management.compiler" value="HotSpot 64-Bit Tiered Compilers"/>
    <property name="os.version" value="10.6.8"/>
    <property name="http.nonProxyHosts" value="local|*.local|169.254/16|*.169.254/16"/>
    <property name="user.home" value="/Users/obray"/>
    <property name="user.timezone" value="Europe/London"/>
    <property name="java.awt.printerjob" value="apple.awt.CPrinterJob"/>
    <property name="java.specification.version" value="1.6"/>
    <property name="file.encoding" value="MacRoman"/>
    <property name="user.name" value="obray"/>
    <property name="java.class.path" value="/Users/obray/projects/olly-selenium/functional-tests/target/test-classes:/Users/obray/projects/olly-selenium/functional-tests/target/classes:/Users/obray/.m2/repository/org/seleniumhq/selenium/selenium-java/2.24.1/selenium-java-2.24.1.jar:/Users/obray/.m2/repository/org/seleniumhq/selenium/selenium-android-driver/2.24.1/selenium-android-driver-2.24.1.jar:/Users/obray/.m2/repository/org/seleniumhq/selenium/selenium-htmlunit-driver/2.24.1/selenium-htmlunit-driver-2.24.1.jar:/Users/obray/.m2/repository/org/seleniumhq/selenium/selenium-api/2.24.1/selenium-api-2.24.1.jar:/Users/obray/.m2/repository/com/google/guava/guava/12.0/guava-12.0.jar:/Users/obray/.m2/repository/com/google/code/findbugs/jsr305/1.3.9/jsr305-1.3.9.jar:/Users/obray/.m2/repository/net/sourceforge/htmlunit/htmlunit/2.9/htmlunit-2.9.jar:/Users/obray/.m2/repository/xalan/xalan/2.7.1/xalan-2.7.1.jar:/Users/obray/.m2/repository/xalan/serializer/2.7.1/serializer-2.7.1.jar:/Users/obray/.m2/repository/commons-collections/commons-collections/3.2.1/commons-collections-3.2.1.jar:/Users/obray/.m2/repository/commons-lang/commons-lang/2.6/commons-lang-2.6.jar:/Users/obray/.m2/repository/org/apache/httpcomponents/httpmime/4.1.2/httpmime-4.1.2.jar:/Users/obray/.m2/repository/commons-codec/commons-codec/1.4/commons-codec-1.4.jar:/Users/obray/.m2/repository/net/sourceforge/htmlunit/htmlunit-core-js/2.9/htmlunit-core-js-2.9.jar:/Users/obray/.m2/repository/xerces/xercesImpl/2.9.1/xercesImpl-2.9.1.jar:/Users/obray/.m2/repository/xml-apis/xml-apis/1.3.04/xml-apis-1.3.04.jar:/Users/obray/.m2/repository/net/sourceforge/nekohtml/nekohtml/1.9.15/nekohtml-1.9.15.jar:/Users/obray/.m2/repository/net/sourceforge/cssparser/cssparser/0.9.5/cssparser-0.9.5.jar:/Users/obray/.m2/repository/org/w3c/css/sac/1.3/sac-1.3.jar:/Users/obray/.m2/repository/commons-logging/commons-logging/1.1.1/commons-logging-1.1.1.jar:/Users/obray/.m2/repository/org/apache/httpcomponents/httpclient/4.1.2/httpclient-4.1.2.jar:/Users/obray/.m2/repository/org/apache/httpcomponents/httpcore/4.1.2/httpcore-4.1.2.jar:/Users/obray/.m2/repository/org/seleniumhq/selenium/selenium-firefox-driver/2.24.1/selenium-firefox-driver-2.24.1.jar:/Users/obray/.m2/repository/commons-io/commons-io/2.0.1/commons-io-2.0.1.jar:/Users/obray/.m2/repository/org/apache/commons/commons-exec/1.1/commons-exec-1.1.jar:/Users/obray/.m2/repository/org/seleniumhq/selenium/selenium-ie-driver/2.24.1/selenium-ie-driver-2.24.1.jar:/Users/obray/.m2/repository/net/java/dev/jna/jna/3.4.0/jna-3.4.0.jar:/Users/obray/.m2/repository/net/java/dev/jna/platform/3.4.0/platform-3.4.0.jar:/Users/obray/.m2/repository/org/seleniumhq/selenium/selenium-iphone-driver/2.24.1/selenium-iphone-driver-2.24.1.jar:/Users/obray/.m2/repository/org/seleniumhq/selenium/selenium-safari-driver/2.24.1/selenium-safari-driver-2.24.1.jar:/Users/obray/.m2/repository/org/seleniumhq/selenium/selenium-support/2.24.1/selenium-support-2.24.1.jar:/Users/obray/.m2/repository/org/webbitserver/webbit/0.4.6/webbit-0.4.6.jar:/Users/obray/.m2/repository/org/jboss/netty/netty/3.2.7.Final/netty-3.2.7.Final.jar:/Users/obray/.m2/repository/org/seleniumhq/selenium/selenium-chrome-driver/2.5.0/selenium-chrome-driver-2.5.0.jar:/Users/obray/.m2/repository/org/seleniumhq/selenium/selenium-remote-driver/2.5.0/selenium-remote-driver-2.5.0.jar:/Users/obray/.m2/repository/cglib/cglib-nodep/2.1_3/cglib-nodep-2.1_3.jar:/Users/obray/.m2/repository/org/json/json/20080701/json-20080701.jar:/Users/obray/.m2/repository/org/testng/testng/6.0.1/testng-6.0.1.jar:/Users/obray/.m2/repository/junit/junit/3.8.1/junit-3.8.1.jar:/Users/obray/.m2/repository/org/beanshell/bsh/2.0b4/bsh-2.0b4.jar:/Users/obray/.m2/repository/com/beust/jcommander/1.12/jcommander-1.12.jar:/Users/obray/.m2/repository/org/yaml/snakeyaml/1.6/snakeyaml-1.6.jar:/Users/obray/.m2/repository/org/apache/maven/surefire/surefire-testng-utils/2.8/surefire-testng-utils-2.8.jar:"/>
    <property name="java.vm.specification.version" value="1.0"/>
    <property name="sun.arch.data.model" value="64"/>
    <property name="java.home" value="/System/Library/Java/JavaVirtualMachines/1.6.0.jdk/Contents/Home"/>
    <property name="sun.java.command" value="/Users/obray/projects/olly-selenium/functional-tests/target/surefire/surefirebooter866030088210441525.jar /Users/obray/projects/olly-selenium/functional-tests/target/surefire/surefire4124007075645909312tmp /Users/obray/projects/olly-selenium/functional-tests/target/surefire/surefire3375260752361722036tmp"/>
    <property name="java.specification.vendor" value="Sun Microsystems Inc."/>
    <property name="user.language" value="en"/>
    <property name="awt.toolkit" value="apple.awt.CToolkit"/>
    <property name="java.vm.info" value="mixed mode"/>
    <property name="java.version" value="1.6.0_33"/>
    <property name="java.ext.dirs" value="/Library/Java/Extensions:/System/Library/Java/Extensions:/System/Library/Java/JavaVirtualMachines/1.6.0.jdk/Contents/Home/lib/ext"/>
    <property name="sun.boot.class.path" value="/System/Library/Java/JavaVirtualMachines/1.6.0.jdk/Contents/Classes/jsfd.jar:/System/Library/Java/JavaVirtualMachines/1.6.0.jdk/Contents/Classes/classes.jar:/System/Library/Frameworks/JavaVM.framework/Frameworks/JavaRuntimeSupport.framework/Resources/Java/JavaRuntimeSupport.jar:/System/Library/Java/JavaVirtualMachines/1.6.0.jdk/Contents/Classes/ui.jar:/System/Library/Java/JavaVirtualMachines/1.6.0.jdk/Contents/Classes/laf.jar:/System/Library/Java/JavaVirtualMachines/1.6.0.jdk/Contents/Classes/sunrsasign.jar:/System/Library/Java/JavaVirtualMachines/1.6.0.jdk/Contents/Classes/jsse.jar:/System/Library/Java/JavaVirtualMachines/1.6.0.jdk/Contents/Classes/jce.jar:/System/Library/Java/JavaVirtualMachines/1.6.0.jdk/Contents/Classes/charsets.jar"/>
    <property name="java.vendor" value="Apple Inc."/>
    <property name="localRepository" value="/Users/obray/.m2/repository"/>
    <property name="file.separator" value="/"/>
    <property name="java.vendor.url.bug" value="http://bugreport.apple.com/"/>
    <property name="sun.cpu.endian" value="little"/>
    <property name="sun.io.unicode.encoding" value="UnicodeLittle"/>
    <property name="mrj.version" value="1060.1.6.0_33-424"/>
    <property name="socksNonProxyHosts" value="local|*.local|169.254/16|*.169.254/16"/>
    <property name="ftp.nonProxyHosts" value="local|*.local|169.254/16|*.169.254/16"/>
    <property name="sun.cpu.isalist" value=""/>
  </properties>
  <testcase time="0.932" classname="com.qmetric.tests.PageOneUITest" name="testAddressSearch"/>
  <testcase time="2.138" classname="com.qmetric.tests.PageOneUITest" name="testAddressSearch"/>
  <testcase time="3.096" classname="com.qmetric.tests.PageOneUITest" name="testPropertyTypeDropDowns"/>
  <testcase time="0.254" classname="com.qmetric.tests.PageOneUITest" name="testAddressSearchValidationText"/>
  <testcase time="0.055" classname="com.qmetric.tests.PageOneUITest" name="testPageTitle"/>
  <testcase time="1.076" classname="com.qmetric.tests.PageOneUITest" name="testPropertyTypeDropDowns"/>
  <testcase time="2.928" classname="com.qmetric.tests.PageOneUITest" name="testAddressManualEdit"/>
  <testcase time="0.588" classname="com.qmetric.tests.PageOneUITest" name="testAddressSearchValidationText"/>
  <testcase time="0.472" classname="com.qmetric.tests.PageOneUITest" name="testPageTitle"/>
  <testcase time="0.064" classname="com.qmetric.tests.LandingPageTest" name="testPageTitle"/>
  <testcase time="2.46" classname="com.qmetric.tests.PageOneUITest" name="testAddressManualEdit"/>
  <testcase time="0.058" classname="com.qmetric.tests.LandingPageTest" name="testPageTitle"/>
</testsuite>