<?xml version="1.0" encoding="UTF-8" ?>
<testsuite failures="0" time="9.369" errors="0" skipped="0" tests="2" name="com.qmetric.selenium.MyTest">
  <properties>
    <property name="java.runtime.name" value="Java(TM) SE Runtime Environment"/>
    <property name="sun.boot.library.path" value="/System/Library/Java/JavaVirtualMachines/1.6.0.jdk/Contents/Libraries"/>
    <property name="java.vm.version" value="19.1-b02-334"/>
    <property name="awt.nativeDoubleBuffering" value="true"/>
    <property name="gopherProxySet" value="false"/>
    <property name="mrj.build" value="10M3326"/>
    <property name="java.vm.vendor" value="Apple Inc."/>
    <property name="java.vendor.url" value="http://www.apple.com/"/>
    <property name="path.separator" value=":"/>
    <property name="java.vm.name" value="Java HotSpot(TM) 64-Bit Server VM"/>
    <property name="file.encoding.pkg" value="sun.io"/>
    <property name="user.country" value="US"/>
    <property name="sun.java.launcher" value="SUN_STANDARD"/>
    <property name="sun.os.patch.level" value="unknown"/>
    <property name="java.vm.specification.name" value="Java Virtual Machine Specification"/>
    <property name="user.dir" value="/Users/oliverbray/projects/olly-selenium/tests"/>
    <property name="java.runtime.version" value="1.6.0_24-b07-334-10M3326"/>
    <property name="java.awt.graphicsenv" value="apple.awt.CGraphicsEnvironment"/>
    <property name="basedir" value="/Users/oliverbray/projects/olly-selenium/tests"/>
    <property name="java.endorsed.dirs" value="/System/Library/Java/JavaVirtualMachines/1.6.0.jdk/Contents/Home/lib/endorsed"/>
    <property name="os.arch" value="x86_64"/>
    <property name="surefire.real.class.path" value="/Users/oliverbray/projects/olly-selenium/tests/target/surefire/surefirebooter3585195194508791812.jar"/>
    <property name="java.io.tmpdir" value="/var/folders/Mm/MmjKzmNOFjaFVTh3xrLuuk+++TI/-Tmp-/"/>
    <property name="line.separator" value="
"/>
    <property name="java.vm.specification.vendor" value="Sun Microsystems Inc."/>
    <property name="os.name" value="Mac OS X"/>
    <property name="sun.jnu.encoding" value="MacRoman"/>
    <property name="java.library.path" value=".:/Library/Java/Extensions:/System/Library/Java/Extensions:/usr/lib/java"/>
    <property name="surefire.test.class.path" value="/Users/oliverbray/projects/olly-selenium/tests/target/test-classes:/Users/oliverbray/projects/olly-selenium/tests/target/classes:/Users/oliverbray/.m2/repository/junit/junit/4.8.1/junit-4.8.1.jar:/Users/oliverbray/.m2/repository/org/seleniumhq/selenium/selenium/2.0a6/selenium-2.0a6.jar:/Users/oliverbray/.m2/repository/org/seleniumhq/selenium/selenium-chrome-driver/2.0a6/selenium-chrome-driver-2.0a6.jar:/Users/oliverbray/.m2/repository/org/seleniumhq/selenium/selenium-htmlunit-driver/2.0a6/selenium-htmlunit-driver-2.0a6.jar:/Users/oliverbray/.m2/repository/org/seleniumhq/selenium/selenium-common/2.0a6/selenium-common-2.0a6.jar:/Users/oliverbray/.m2/repository/net/sourceforge/htmlunit/htmlunit/2.8/htmlunit-2.8.jar:/Users/oliverbray/.m2/repository/xalan/xalan/2.7.1/xalan-2.7.1.jar:/Users/oliverbray/.m2/repository/xalan/serializer/2.7.1/serializer-2.7.1.jar:/Users/oliverbray/.m2/repository/commons-collections/commons-collections/3.2.1/commons-collections-3.2.1.jar:/Users/oliverbray/.m2/repository/commons-lang/commons-lang/2.4/commons-lang-2.4.jar:/Users/oliverbray/.m2/repository/org/apache/httpcomponents/httpmime/4.0.1/httpmime-4.0.1.jar:/Users/oliverbray/.m2/repository/org/apache/james/apache-mime4j/0.6/apache-mime4j-0.6.jar:/Users/oliverbray/.m2/repository/commons-codec/commons-codec/1.4/commons-codec-1.4.jar:/Users/oliverbray/.m2/repository/net/sourceforge/htmlunit/htmlunit-core-js/2.8/htmlunit-core-js-2.8.jar:/Users/oliverbray/.m2/repository/xerces/xercesImpl/2.9.1/xercesImpl-2.9.1.jar:/Users/oliverbray/.m2/repository/xml-apis/xml-apis/1.3.04/xml-apis-1.3.04.jar:/Users/oliverbray/.m2/repository/net/sourceforge/nekohtml/nekohtml/1.9.14/nekohtml-1.9.14.jar:/Users/oliverbray/.m2/repository/net/sourceforge/cssparser/cssparser/0.9.5/cssparser-0.9.5.jar:/Users/oliverbray/.m2/repository/org/w3c/css/sac/1.3/sac-1.3.jar:/Users/oliverbray/.m2/repository/commons-logging/commons-logging/1.1.1/commons-logging-1.1.1.jar:/Users/oliverbray/.m2/repository/org/seleniumhq/selenium/selenium-ie-driver/2.0a6/selenium-ie-driver-2.0a6.jar:/Users/oliverbray/.m2/repository/net/java/dev/jna/jna/3.2.2/jna-3.2.2.jar:/Users/oliverbray/.m2/repository/org/seleniumhq/selenium/selenium-iphone-driver/2.0a6/selenium-iphone-driver-2.0a6.jar:/Users/oliverbray/.m2/repository/org/seleniumhq/selenium/selenium-support/2.0a6/selenium-support-2.0a6.jar:/Users/oliverbray/.m2/repository/com/google/guava/guava/r07/guava-r07.jar:/Users/oliverbray/.m2/repository/org/hamcrest/hamcrest-all/1.1/hamcrest-all-1.1.jar:/Users/oliverbray/.m2/repository/org/seleniumhq/selenium/selenium-firefox-driver/2.0a6/selenium-firefox-driver-2.0a6.jar:/Users/oliverbray/.m2/repository/org/seleniumhq/selenium/selenium-remote-client/2.0a6/selenium-remote-client-2.0a6.jar:/Users/oliverbray/.m2/repository/org/seleniumhq/selenium/selenium-remote-common/2.0a6/selenium-remote-common-2.0a6.jar:/Users/oliverbray/.m2/repository/org/json/json/20080701/json-20080701.jar:/Users/oliverbray/.m2/repository/org/apache/httpcomponents/httpclient/4.0.2/httpclient-4.0.2.jar:/Users/oliverbray/.m2/repository/org/apache/httpcomponents/httpcore/4.0.1/httpcore-4.0.1.jar:/Users/oliverbray/.m2/repository/commons-io/commons-io/1.4/commons-io-1.4.jar:"/>
    <property name="java.specification.name" value="Java Platform API Specification"/>
    <property name="java.class.version" value="50.0"/>
    <property name="sun.management.compiler" value="HotSpot 64-Bit Server Compiler"/>
    <property name="os.version" value="10.6.7"/>
    <property name="http.nonProxyHosts" value="local|*.local|169.254/16|*.169.254/16"/>
    <property name="user.home" value="/Users/oliverbray"/>
    <property name="user.timezone" value=""/>
    <property name="java.awt.printerjob" value="apple.awt.CPrinterJob"/>
    <property name="java.specification.version" value="1.6"/>
    <property name="file.encoding" value="MacRoman"/>
    <property name="user.name" value="oliverbray"/>
    <property name="java.class.path" value="/Users/oliverbray/projects/olly-selenium/tests/target/test-classes:/Users/oliverbray/projects/olly-selenium/tests/target/classes:/Users/oliverbray/.m2/repository/junit/junit/4.8.1/junit-4.8.1.jar:/Users/oliverbray/.m2/repository/org/seleniumhq/selenium/selenium/2.0a6/selenium-2.0a6.jar:/Users/oliverbray/.m2/repository/org/seleniumhq/selenium/selenium-chrome-driver/2.0a6/selenium-chrome-driver-2.0a6.jar:/Users/oliverbray/.m2/repository/org/seleniumhq/selenium/selenium-htmlunit-driver/2.0a6/selenium-htmlunit-driver-2.0a6.jar:/Users/oliverbray/.m2/repository/org/seleniumhq/selenium/selenium-common/2.0a6/selenium-common-2.0a6.jar:/Users/oliverbray/.m2/repository/net/sourceforge/htmlunit/htmlunit/2.8/htmlunit-2.8.jar:/Users/oliverbray/.m2/repository/xalan/xalan/2.7.1/xalan-2.7.1.jar:/Users/oliverbray/.m2/repository/xalan/serializer/2.7.1/serializer-2.7.1.jar:/Users/oliverbray/.m2/repository/commons-collections/commons-collections/3.2.1/commons-collections-3.2.1.jar:/Users/oliverbray/.m2/repository/commons-lang/commons-lang/2.4/commons-lang-2.4.jar:/Users/oliverbray/.m2/repository/org/apache/httpcomponents/httpmime/4.0.1/httpmime-4.0.1.jar:/Users/oliverbray/.m2/repository/org/apache/james/apache-mime4j/0.6/apache-mime4j-0.6.jar:/Users/oliverbray/.m2/repository/commons-codec/commons-codec/1.4/commons-codec-1.4.jar:/Users/oliverbray/.m2/repository/net/sourceforge/htmlunit/htmlunit-core-js/2.8/htmlunit-core-js-2.8.jar:/Users/oliverbray/.m2/repository/xerces/xercesImpl/2.9.1/xercesImpl-2.9.1.jar:/Users/oliverbray/.m2/repository/xml-apis/xml-apis/1.3.04/xml-apis-1.3.04.jar:/Users/oliverbray/.m2/repository/net/sourceforge/nekohtml/nekohtml/1.9.14/nekohtml-1.9.14.jar:/Users/oliverbray/.m2/repository/net/sourceforge/cssparser/cssparser/0.9.5/cssparser-0.9.5.jar:/Users/oliverbray/.m2/repository/org/w3c/css/sac/1.3/sac-1.3.jar:/Users/oliverbray/.m2/repository/commons-logging/commons-logging/1.1.1/commons-logging-1.1.1.jar:/Users/oliverbray/.m2/repository/org/seleniumhq/selenium/selenium-ie-driver/2.0a6/selenium-ie-driver-2.0a6.jar:/Users/oliverbray/.m2/repository/net/java/dev/jna/jna/3.2.2/jna-3.2.2.jar:/Users/oliverbray/.m2/repository/org/seleniumhq/selenium/selenium-iphone-driver/2.0a6/selenium-iphone-driver-2.0a6.jar:/Users/oliverbray/.m2/repository/org/seleniumhq/selenium/selenium-support/2.0a6/selenium-support-2.0a6.jar:/Users/oliverbray/.m2/repository/com/google/guava/guava/r07/guava-r07.jar:/Users/oliverbray/.m2/repository/org/hamcrest/hamcrest-all/1.1/hamcrest-all-1.1.jar:/Users/oliverbray/.m2/repository/org/seleniumhq/selenium/selenium-firefox-driver/2.0a6/selenium-firefox-driver-2.0a6.jar:/Users/oliverbray/.m2/repository/org/seleniumhq/selenium/selenium-remote-client/2.0a6/selenium-remote-client-2.0a6.jar:/Users/oliverbray/.m2/repository/org/seleniumhq/selenium/selenium-remote-common/2.0a6/selenium-remote-common-2.0a6.jar:/Users/oliverbray/.m2/repository/org/json/json/20080701/json-20080701.jar:/Users/oliverbray/.m2/repository/org/apache/httpcomponents/httpclient/4.0.2/httpclient-4.0.2.jar:/Users/oliverbray/.m2/repository/org/apache/httpcomponents/httpcore/4.0.1/httpcore-4.0.1.jar:/Users/oliverbray/.m2/repository/commons-io/commons-io/1.4/commons-io-1.4.jar:"/>
    <property name="java.vm.specification.version" value="1.0"/>
    <property name="sun.arch.data.model" value="64"/>
    <property name="java.home" value="/System/Library/Java/JavaVirtualMachines/1.6.0.jdk/Contents/Home"/>
    <property name="java.specification.vendor" value="Sun Microsystems Inc."/>
    <property name="user.language" value="en"/>
    <property name="awt.toolkit" value="apple.awt.CToolkit"/>
    <property name="java.vm.info" value="mixed mode"/>
    <property name="java.version" value="1.6.0_24"/>
    <property name="java.ext.dirs" value="/Library/Java/Extensions:/System/Library/Java/Extensions:/System/Library/Java/JavaVirtualMachines/1.6.0.jdk/Contents/Home/lib/ext"/>
    <property name="sun.boot.class.path" value="/System/Library/Java/JavaVirtualMachines/1.6.0.jdk/Contents/Classes/jsfd.jar:/System/Library/Java/JavaVirtualMachines/1.6.0.jdk/Contents/Classes/classes.jar:/System/Library/Frameworks/JavaVM.framework/Frameworks/JavaRuntimeSupport.framework/Resources/Java/JavaRuntimeSupport.jar:/System/Library/Java/JavaVirtualMachines/1.6.0.jdk/Contents/Classes/ui.jar:/System/Library/Java/JavaVirtualMachines/1.6.0.jdk/Contents/Classes/laf.jar:/System/Library/Java/JavaVirtualMachines/1.6.0.jdk/Contents/Classes/sunrsasign.jar:/System/Library/Java/JavaVirtualMachines/1.6.0.jdk/Contents/Classes/jsse.jar:/System/Library/Java/JavaVirtualMachines/1.6.0.jdk/Contents/Classes/jce.jar:/System/Library/Java/JavaVirtualMachines/1.6.0.jdk/Contents/Classes/charsets.jar"/>
    <property name="java.vendor" value="Apple Inc."/>
    <property name="localRepository" value="/Users/oliverbray/.m2/repository"/>
    <property name="file.separator" value="/"/>
    <property name="java.vendor.url.bug" value="http://bugreport.apple.com/"/>
    <property name="sun.cpu.endian" value="little"/>
    <property name="sun.io.unicode.encoding" value="UnicodeLittle"/>
    <property name="mrj.version" value="1060.1.6.0_24-334"/>
    <property name="socksNonProxyHosts" value="local|*.local|169.254/16|*.169.254/16"/>
    <property name="ftp.nonProxyHosts" value="local|*.local|169.254/16|*.169.254/16"/>
    <property name="sun.cpu.isalist" value=""/>
  </properties>
  <testcase time="4.424" classname="com.qmetric.selenium.MyTest" name="testFirefox"/>
  <testcase time="4.916" classname="com.qmetric.selenium.MyTest" name="testChrome"/>
</testsuite>